{"contracts/Flight.sol":{"l":{"44":8,"45":6,"59":5,"60":5,"61":5,"62":5,"63":5,"64":5,"65":5,"66":5,"73":14,"74":12,"75":12,"80":12,"84":16,"85":12,"86":8,"87":6,"88":2,"89":2,"90":2,"96":8,"97":6,"98":2,"99":2,"100":2,"101":2,"105":6,"109":4,"110":2,"111":2,"115":12,"116":10,"117":8,"118":22,"119":6,"120":2,"121":2,"127":5,"128":1,"129":1,"133":5,"134":5,"138":0,"139":0,"140":0,"141":0,"142":0,"143":0,"146":0},"path":"/Users/parv/Documents/Current/Flight-escrow/contracts/Flight.sol","s":{"1":8,"2":5,"3":5,"4":5,"5":5,"6":5,"7":5,"8":5,"9":5,"10":14,"11":12,"12":12,"13":16,"14":12,"15":8,"16":6,"17":2,"18":2,"19":2,"20":8,"21":6,"22":2,"23":2,"24":2,"25":2,"26":6,"27":4,"28":2,"29":2,"30":12,"31":10,"32":8,"33":22,"34":6,"35":2,"36":2,"37":5,"38":1,"39":1,"40":5,"41":5,"42":0,"43":0,"44":0,"45":0,"46":0,"47":0},"b":{"1":[6,2],"2":[12,2],"3":[12,4],"4":[8,4],"5":[6,2],"6":[2,4],"7":[6,2],"8":[2,4],"9":[4,2],"10":[2,2],"11":[10,2],"12":[8,2],"13":[6,16],"14":[2,4],"15":[1,4],"16":[0,0]},"f":{"1":8,"2":5,"3":14,"4":16,"5":8,"6":6,"7":12,"8":5,"9":5,"10":0},"fnMap":{"1":{"name":"noDispute","line":43,"loc":{"start":{"line":43,"column":4},"end":{"line":46,"column":4}}},"2":{"name":"constructor","line":50,"loc":{"start":{"line":50,"column":4},"end":{"line":67,"column":4}}},"3":{"name":"buyTicket","line":69,"loc":{"start":{"line":69,"column":4},"end":{"line":81,"column":4}}},"4":{"name":"flightDelayRaise","line":83,"loc":{"start":{"line":83,"column":4},"end":{"line":91,"column":4}}},"5":{"name":"escrowDecision","line":93,"loc":{"start":{"line":93,"column":4},"end":{"line":102,"column":4}}},"6":{"name":"withdrawMoney","line":104,"loc":{"start":{"line":104,"column":4},"end":{"line":112,"column":4}}},"7":{"name":"publicWithdraw","line":114,"loc":{"start":{"line":114,"column":4},"end":{"line":124,"column":4}}},"8":{"name":"claimDelayRaise","line":126,"loc":{"start":{"line":126,"column":4},"end":{"line":130,"column":4}}},"9":{"name":"transferFund","line":132,"loc":{"start":{"line":132,"column":4},"end":{"line":135,"column":4}}},"10":{"name":"buyerDetails","line":137,"loc":{"start":{"line":137,"column":4},"end":{"line":147,"column":4}}}},"statementMap":{"1":{"start":{"line":44,"column":8},"end":{"line":44,"column":56}},"2":{"start":{"line":59,"column":8},"end":{"line":59,"column":29}},"3":{"start":{"line":60,"column":8},"end":{"line":60,"column":29}},"4":{"start":{"line":61,"column":8},"end":{"line":61,"column":25}},"5":{"start":{"line":62,"column":8},"end":{"line":62,"column":27}},"6":{"start":{"line":63,"column":8},"end":{"line":63,"column":39}},"7":{"start":{"line":64,"column":8},"end":{"line":64,"column":23}},"8":{"start":{"line":65,"column":8},"end":{"line":65,"column":33}},"9":{"start":{"line":66,"column":8},"end":{"line":66,"column":33}},"10":{"start":{"line":73,"column":8},"end":{"line":73,"column":63}},"11":{"start":{"line":75,"column":8},"end":{"line":75,"column":2126}},"12":{"start":{"line":80,"column":8},"end":{"line":80,"column":55}},"13":{"start":{"line":84,"column":8},"end":{"line":84,"column":57}},"14":{"start":{"line":85,"column":8},"end":{"line":85,"column":84}},"15":{"start":{"line":86,"column":8},"end":{"line":86,"column":78}},"16":{"start":{"line":87,"column":8},"end":{"line":87,"column":70}},"17":{"start":{"line":88,"column":8},"end":{"line":88,"column":32}},"18":{"start":{"line":89,"column":8},"end":{"line":89,"column":38}},"19":{"start":{"line":90,"column":8},"end":{"line":90,"column":51}},"20":{"start":{"line":96,"column":8},"end":{"line":96,"column":60}},"21":{"start":{"line":97,"column":8},"end":{"line":97,"column":54}},"22":{"start":{"line":98,"column":8},"end":{"line":98,"column":37}},"23":{"start":{"line":99,"column":8},"end":{"line":99,"column":35}},"24":{"start":{"line":100,"column":8},"end":{"line":100,"column":43}},"25":{"start":{"line":101,"column":8},"end":{"line":101,"column":30}},"26":{"start":{"line":105,"column":8},"end":{"line":105,"column":3270}},"27":{"start":{"line":109,"column":8},"end":{"line":109,"column":48}},"28":{"start":{"line":110,"column":8},"end":{"line":110,"column":55}},"29":{"start":{"line":111,"column":8},"end":{"line":111,"column":30}},"30":{"start":{"line":115,"column":8},"end":{"line":115,"column":55}},"31":{"start":{"line":116,"column":8},"end":{"line":116,"column":41}},"32":{"start":{"line":117,"column":8},"end":{"line":117,"column":3687}},"33":{"start":{"line":118,"column":12},"end":{"line":118,"column":3748}},"34":{"start":{"line":119,"column":16},"end":{"line":119,"column":83}},"35":{"start":{"line":120,"column":16},"end":{"line":120,"column":44}},"36":{"start":{"line":121,"column":16},"end":{"line":121,"column":49}},"37":{"start":{"line":127,"column":8},"end":{"line":127,"column":67}},"38":{"start":{"line":128,"column":8},"end":{"line":128,"column":32}},"39":{"start":{"line":129,"column":8},"end":{"line":129,"column":51}},"40":{"start":{"line":133,"column":8},"end":{"line":133,"column":37}},"41":{"start":{"line":134,"column":8},"end":{"line":134,"column":37}},"42":{"start":{"line":138,"column":8},"end":{"line":138,"column":36}},"43":{"start":{"line":139,"column":8},"end":{"line":139,"column":34}},"44":{"start":{"line":140,"column":8},"end":{"line":140,"column":4522}},"45":{"start":{"line":141,"column":12},"end":{"line":141,"column":4584}},"46":{"start":{"line":142,"column":16},"end":{"line":142,"column":123}},"47":{"start":{"line":146,"column":8},"end":{"line":146,"column":28}}},"branchMap":{"1":{"line":44,"type":"if","locations":[{"start":{"line":44,"column":8},"end":{"line":44,"column":8}},{"start":{"line":44,"column":8},"end":{"line":44,"column":8}}]},"2":{"line":73,"type":"if","locations":[{"start":{"line":73,"column":8},"end":{"line":73,"column":8}},{"start":{"line":73,"column":8},"end":{"line":73,"column":8}}]},"3":{"line":84,"type":"if","locations":[{"start":{"line":84,"column":8},"end":{"line":84,"column":8}},{"start":{"line":84,"column":8},"end":{"line":84,"column":8}}]},"4":{"line":85,"type":"if","locations":[{"start":{"line":85,"column":8},"end":{"line":85,"column":8}},{"start":{"line":85,"column":8},"end":{"line":85,"column":8}}]},"5":{"line":86,"type":"if","locations":[{"start":{"line":86,"column":8},"end":{"line":86,"column":8}},{"start":{"line":86,"column":8},"end":{"line":86,"column":8}}]},"6":{"line":87,"type":"if","locations":[{"start":{"line":87,"column":8},"end":{"line":87,"column":8}},{"start":{"line":87,"column":8},"end":{"line":87,"column":8}}]},"7":{"line":96,"type":"if","locations":[{"start":{"line":96,"column":8},"end":{"line":96,"column":8}},{"start":{"line":96,"column":8},"end":{"line":96,"column":8}}]},"8":{"line":97,"type":"if","locations":[{"start":{"line":97,"column":8},"end":{"line":97,"column":8}},{"start":{"line":97,"column":8},"end":{"line":97,"column":8}}]},"9":{"line":105,"type":"if","locations":[{"start":{"line":105,"column":8},"end":{"line":105,"column":8}},{"start":{"line":105,"column":8},"end":{"line":105,"column":8}}]},"10":{"line":109,"type":"if","locations":[{"start":{"line":109,"column":8},"end":{"line":109,"column":8}},{"start":{"line":109,"column":8},"end":{"line":109,"column":8}}]},"11":{"line":115,"type":"if","locations":[{"start":{"line":115,"column":8},"end":{"line":115,"column":8}},{"start":{"line":115,"column":8},"end":{"line":115,"column":8}}]},"12":{"line":116,"type":"if","locations":[{"start":{"line":116,"column":8},"end":{"line":116,"column":8}},{"start":{"line":116,"column":8},"end":{"line":116,"column":8}}]},"13":{"line":118,"type":"if","locations":[{"start":{"line":118,"column":12},"end":{"line":118,"column":12}},{"start":{"line":118,"column":12},"end":{"line":118,"column":12}}]},"14":{"line":119,"type":"if","locations":[{"start":{"line":119,"column":16},"end":{"line":119,"column":16}},{"start":{"line":119,"column":16},"end":{"line":119,"column":16}}]},"15":{"line":127,"type":"if","locations":[{"start":{"line":127,"column":8},"end":{"line":127,"column":8}},{"start":{"line":127,"column":8},"end":{"line":127,"column":8}}]},"16":{"line":141,"type":"if","locations":[{"start":{"line":141,"column":12},"end":{"line":141,"column":12}},{"start":{"line":141,"column":12},"end":{"line":141,"column":12}}]}}},"contracts/FlightFactory.sol":{"l":{"14":3,"24":7,"25":5,"35":5,"36":5,"37":5,"38":5},"path":"/Users/parv/Documents/Current/Flight-escrow/contracts/FlightFactory.sol","s":{"1":3,"2":7,"3":5,"4":5,"5":5,"6":5,"7":5},"b":{"1":[5,2]},"f":{"1":3,"2":7},"fnMap":{"1":{"name":"constructor","line":13,"loc":{"start":{"line":13,"column":4},"end":{"line":15,"column":4}}},"2":{"name":"addFlight","line":17,"loc":{"start":{"line":17,"column":4},"end":{"line":39,"column":4}}}},"statementMap":{"1":{"start":{"line":14,"column":8},"end":{"line":14,"column":23}},"2":{"start":{"line":24,"column":8},"end":{"line":24,"column":73}},"3":{"start":{"line":25,"column":8},"end":{"line":25,"column":670}},"4":{"start":{"line":35,"column":8},"end":{"line":35,"column":46}},"5":{"start":{"line":36,"column":8},"end":{"line":36,"column":56}},"6":{"start":{"line":37,"column":8},"end":{"line":37,"column":34}},"7":{"start":{"line":38,"column":8},"end":{"line":38,"column":54}}},"branchMap":{"1":{"line":24,"type":"if","locations":[{"start":{"line":24,"column":8},"end":{"line":24,"column":8}},{"start":{"line":24,"column":8},"end":{"line":24,"column":8}}]}}}}