{"contracts/Flight.sol":{"l":{"41":8,"42":6,"56":5,"57":5,"58":5,"59":5,"60":5,"61":5,"62":5,"63":5,"67":14,"68":12,"69":12,"70":12,"74":16,"75":12,"76":8,"77":6,"78":2,"79":2,"80":2,"86":8,"87":6,"88":2,"89":2,"90":2,"91":2,"95":6,"99":4,"100":2,"101":2,"105":9,"106":7,"107":5,"108":15,"109":5,"110":3,"111":3,"118":5,"119":1,"123":6,"124":6},"path":"/Users/parv/Documents/Current/Flight-escrow/contracts/Flight.sol","s":{"1":8,"2":5,"3":5,"4":5,"5":5,"6":5,"7":5,"8":5,"9":5,"10":14,"11":12,"12":12,"13":12,"14":16,"15":12,"16":8,"17":6,"18":2,"19":2,"20":2,"21":8,"22":6,"23":2,"24":2,"25":2,"26":2,"27":6,"28":4,"29":2,"30":2,"31":9,"32":7,"33":5,"34":15,"35":5,"36":3,"37":3,"38":5,"39":1,"40":6,"41":6},"b":{"1":[6,2],"2":[12,2],"3":[12,4],"4":[8,4],"5":[6,2],"6":[2,4],"7":[6,2],"8":[2,4],"9":[4,2],"10":[2,2],"11":[7,2],"12":[5,2],"13":[5,10],"14":[3,2],"15":[1,4]},"f":{"1":8,"2":5,"3":14,"4":16,"5":8,"6":6,"7":9,"8":5,"9":6},"fnMap":{"1":{"name":"noDispute","line":40,"loc":{"start":{"line":40,"column":4},"end":{"line":43,"column":4}}},"2":{"name":"constructor","line":47,"loc":{"start":{"line":47,"column":4},"end":{"line":64,"column":4}}},"3":{"name":"buyTicket","line":66,"loc":{"start":{"line":66,"column":4},"end":{"line":71,"column":4}}},"4":{"name":"flightDelayRaise","line":73,"loc":{"start":{"line":73,"column":4},"end":{"line":81,"column":4}}},"5":{"name":"escrowDecision","line":83,"loc":{"start":{"line":83,"column":4},"end":{"line":92,"column":4}}},"6":{"name":"withdrawMoney","line":94,"loc":{"start":{"line":94,"column":4},"end":{"line":102,"column":4}}},"7":{"name":"publicWithdraw","line":104,"loc":{"start":{"line":104,"column":4},"end":{"line":115,"column":4}}},"8":{"name":"claimDelayRaise","line":117,"loc":{"start":{"line":117,"column":4},"end":{"line":120,"column":4}}},"9":{"name":"transferFund","line":122,"loc":{"start":{"line":122,"column":4},"end":{"line":125,"column":4}}}},"statementMap":{"1":{"start":{"line":41,"column":8},"end":{"line":41,"column":56}},"2":{"start":{"line":56,"column":8},"end":{"line":56,"column":33}},"3":{"start":{"line":57,"column":8},"end":{"line":57,"column":29}},"4":{"start":{"line":58,"column":8},"end":{"line":58,"column":29}},"5":{"start":{"line":59,"column":8},"end":{"line":59,"column":25}},"6":{"start":{"line":60,"column":8},"end":{"line":60,"column":27}},"7":{"start":{"line":61,"column":8},"end":{"line":61,"column":39}},"8":{"start":{"line":62,"column":8},"end":{"line":62,"column":23}},"9":{"start":{"line":63,"column":8},"end":{"line":63,"column":31}},"10":{"start":{"line":67,"column":8},"end":{"line":67,"column":63}},"11":{"start":{"line":68,"column":8},"end":{"line":68,"column":110}},"12":{"start":{"line":69,"column":8},"end":{"line":69,"column":45}},"13":{"start":{"line":70,"column":8},"end":{"line":70,"column":51}},"14":{"start":{"line":74,"column":8},"end":{"line":74,"column":57}},"15":{"start":{"line":75,"column":8},"end":{"line":75,"column":77}},"16":{"start":{"line":76,"column":8},"end":{"line":76,"column":69}},"17":{"start":{"line":77,"column":8},"end":{"line":77,"column":70}},"18":{"start":{"line":78,"column":8},"end":{"line":78,"column":32}},"19":{"start":{"line":79,"column":8},"end":{"line":79,"column":38}},"20":{"start":{"line":80,"column":8},"end":{"line":80,"column":51}},"21":{"start":{"line":86,"column":8},"end":{"line":86,"column":60}},"22":{"start":{"line":87,"column":8},"end":{"line":87,"column":54}},"23":{"start":{"line":88,"column":8},"end":{"line":88,"column":37}},"24":{"start":{"line":89,"column":8},"end":{"line":89,"column":35}},"25":{"start":{"line":90,"column":8},"end":{"line":90,"column":34}},"26":{"start":{"line":91,"column":8},"end":{"line":91,"column":30}},"27":{"start":{"line":95,"column":8},"end":{"line":95,"column":3060}},"28":{"start":{"line":99,"column":8},"end":{"line":99,"column":56}},"29":{"start":{"line":100,"column":8},"end":{"line":100,"column":55}},"30":{"start":{"line":101,"column":8},"end":{"line":101,"column":30}},"31":{"start":{"line":105,"column":8},"end":{"line":105,"column":55}},"32":{"start":{"line":106,"column":8},"end":{"line":106,"column":49}},"33":{"start":{"line":107,"column":8},"end":{"line":107,"column":3484}},"34":{"start":{"line":108,"column":12},"end":{"line":108,"column":3545}},"35":{"start":{"line":109,"column":16},"end":{"line":109,"column":83}},"36":{"start":{"line":110,"column":16},"end":{"line":110,"column":44}},"37":{"start":{"line":111,"column":16},"end":{"line":111,"column":49}},"38":{"start":{"line":118,"column":8},"end":{"line":118,"column":52}},"39":{"start":{"line":119,"column":8},"end":{"line":119,"column":51}},"40":{"start":{"line":123,"column":8},"end":{"line":123,"column":28}},"41":{"start":{"line":124,"column":8},"end":{"line":124,"column":37}}},"branchMap":{"1":{"line":41,"type":"if","locations":[{"start":{"line":41,"column":8},"end":{"line":41,"column":8}},{"start":{"line":41,"column":8},"end":{"line":41,"column":8}}]},"2":{"line":67,"type":"if","locations":[{"start":{"line":67,"column":8},"end":{"line":67,"column":8}},{"start":{"line":67,"column":8},"end":{"line":67,"column":8}}]},"3":{"line":74,"type":"if","locations":[{"start":{"line":74,"column":8},"end":{"line":74,"column":8}},{"start":{"line":74,"column":8},"end":{"line":74,"column":8}}]},"4":{"line":75,"type":"if","locations":[{"start":{"line":75,"column":8},"end":{"line":75,"column":8}},{"start":{"line":75,"column":8},"end":{"line":75,"column":8}}]},"5":{"line":76,"type":"if","locations":[{"start":{"line":76,"column":8},"end":{"line":76,"column":8}},{"start":{"line":76,"column":8},"end":{"line":76,"column":8}}]},"6":{"line":77,"type":"if","locations":[{"start":{"line":77,"column":8},"end":{"line":77,"column":8}},{"start":{"line":77,"column":8},"end":{"line":77,"column":8}}]},"7":{"line":86,"type":"if","locations":[{"start":{"line":86,"column":8},"end":{"line":86,"column":8}},{"start":{"line":86,"column":8},"end":{"line":86,"column":8}}]},"8":{"line":87,"type":"if","locations":[{"start":{"line":87,"column":8},"end":{"line":87,"column":8}},{"start":{"line":87,"column":8},"end":{"line":87,"column":8}}]},"9":{"line":95,"type":"if","locations":[{"start":{"line":95,"column":8},"end":{"line":95,"column":8}},{"start":{"line":95,"column":8},"end":{"line":95,"column":8}}]},"10":{"line":99,"type":"if","locations":[{"start":{"line":99,"column":8},"end":{"line":99,"column":8}},{"start":{"line":99,"column":8},"end":{"line":99,"column":8}}]},"11":{"line":105,"type":"if","locations":[{"start":{"line":105,"column":8},"end":{"line":105,"column":8}},{"start":{"line":105,"column":8},"end":{"line":105,"column":8}}]},"12":{"line":106,"type":"if","locations":[{"start":{"line":106,"column":8},"end":{"line":106,"column":8}},{"start":{"line":106,"column":8},"end":{"line":106,"column":8}}]},"13":{"line":108,"type":"if","locations":[{"start":{"line":108,"column":12},"end":{"line":108,"column":12}},{"start":{"line":108,"column":12},"end":{"line":108,"column":12}}]},"14":{"line":109,"type":"if","locations":[{"start":{"line":109,"column":16},"end":{"line":109,"column":16}},{"start":{"line":109,"column":16},"end":{"line":109,"column":16}}]},"15":{"line":118,"type":"if","locations":[{"start":{"line":118,"column":8},"end":{"line":118,"column":8}},{"start":{"line":118,"column":8},"end":{"line":118,"column":8}}]}}},"contracts/FlightFactory.sol":{"l":{"22":3,"32":7,"33":5,"42":5,"43":5,"44":5,"45":5},"path":"/Users/parv/Documents/Current/Flight-escrow/contracts/FlightFactory.sol","s":{"1":3,"2":7,"3":5,"4":5,"5":5,"6":5,"7":5},"b":{"1":[5,2]},"f":{"1":3,"2":7},"fnMap":{"1":{"name":"constructor","line":21,"loc":{"start":{"line":21,"column":4},"end":{"line":23,"column":4}}},"2":{"name":"addFlight","line":25,"loc":{"start":{"line":25,"column":4},"end":{"line":46,"column":4}}}},"statementMap":{"1":{"start":{"line":22,"column":8},"end":{"line":22,"column":23}},"2":{"start":{"line":32,"column":8},"end":{"line":32,"column":73}},"3":{"start":{"line":33,"column":8},"end":{"line":33,"column":795}},"4":{"start":{"line":42,"column":8},"end":{"line":42,"column":43}},"5":{"start":{"line":43,"column":8},"end":{"line":43,"column":68}},"6":{"start":{"line":44,"column":8},"end":{"line":44,"column":39}},"7":{"start":{"line":45,"column":8},"end":{"line":45,"column":42}}},"branchMap":{"1":{"line":32,"type":"if","locations":[{"start":{"line":32,"column":8},"end":{"line":32,"column":8}},{"start":{"line":32,"column":8},"end":{"line":32,"column":8}}]}}}}