TN:
SF:/Users/parv/Documents/Current/Flight-escrow/contracts/Flight.sol
FN:43,noDispute
FN:50,constructor
FN:69,buyTicket
FN:83,flightDelayRaise
FN:93,escrowDecision
FN:104,withdrawMoney
FN:114,publicWithdraw
FN:126,claimDelayRaise
FN:132,transferFund
FN:137,buyerDetails
FNF:10
FNH:9
FNDA:8,noDispute
FNDA:5,constructor
FNDA:14,buyTicket
FNDA:16,flightDelayRaise
FNDA:8,escrowDecision
FNDA:6,withdrawMoney
FNDA:13,publicWithdraw
FNDA:5,claimDelayRaise
FNDA:6,transferFund
FNDA:0,buyerDetails
DA:44,8
DA:45,6
DA:59,5
DA:60,5
DA:61,5
DA:62,5
DA:63,5
DA:64,5
DA:65,5
DA:66,5
DA:73,14
DA:74,12
DA:75,12
DA:80,12
DA:84,16
DA:85,12
DA:86,8
DA:87,6
DA:88,2
DA:89,2
DA:90,2
DA:96,8
DA:97,6
DA:98,2
DA:99,2
DA:100,2
DA:101,2
DA:105,6
DA:109,4
DA:110,2
DA:111,2
DA:115,13
DA:116,11
DA:117,9
DA:118,21
DA:119,9
DA:120,3
DA:121,3
DA:127,5
DA:128,1
DA:129,1
DA:133,6
DA:134,6
DA:138,0
DA:139,0
DA:140,0
DA:141,0
DA:142,0
DA:143,0
DA:146,0
LF:50
LH:43
BRDA:44,1,0,6
BRDA:44,1,1,2
BRDA:73,2,0,12
BRDA:73,2,1,2
BRDA:84,3,0,12
BRDA:84,3,1,4
BRDA:85,4,0,8
BRDA:85,4,1,4
BRDA:86,5,0,6
BRDA:86,5,1,2
BRDA:87,6,0,2
BRDA:87,6,1,4
BRDA:96,7,0,6
BRDA:96,7,1,2
BRDA:97,8,0,2
BRDA:97,8,1,4
BRDA:105,9,0,4
BRDA:105,9,1,2
BRDA:109,10,0,2
BRDA:109,10,1,2
BRDA:115,11,0,11
BRDA:115,11,1,2
BRDA:116,12,0,9
BRDA:116,12,1,2
BRDA:118,13,0,9
BRDA:118,13,1,12
BRDA:119,14,0,3
BRDA:119,14,1,6
BRDA:127,15,0,1
BRDA:127,15,1,4
BRDA:141,16,0,0
BRDA:141,16,1,0
BRF:32
BRH:30
end_of_record
TN:
SF:/Users/parv/Documents/Current/Flight-escrow/contracts/FlightFactory.sol
FN:13,constructor
FN:17,addFlight
FNF:2
FNH:2
FNDA:3,constructor
FNDA:7,addFlight
DA:14,3
DA:24,7
DA:25,5
DA:35,5
DA:36,5
DA:37,5
DA:38,5
LF:7
LH:7
BRDA:24,1,0,5
BRDA:24,1,1,2
BRF:2
BRH:2
end_of_record
